Determining if the pthread_create exist failed with the following output:
Change Dir: /usr/src/mjpg-streamer/mjpg-streamer-experimental/_build/CMakeFiles/CMakeTmp

Run Build Command:"/usr/bin/make" "cmTryCompileExec3491723900/fast"
make[1]: Entering directory '/usr/src/mjpg-streamer/mjpg-streamer-experimental/_build/CMakeFiles/CMakeTmp'
/usr/bin/make -f CMakeFiles/cmTryCompileExec3491723900.dir/build.make CMakeFiles/cmTryCompileExec3491723900.dir/build
make[2]: Entering directory '/usr/src/mjpg-streamer/mjpg-streamer-experimental/_build/CMakeFiles/CMakeTmp'
/usr/bin/cmake -E cmake_progress_report /usr/src/mjpg-streamer/mjpg-streamer-experimental/_build/CMakeFiles/CMakeTmp/CMakeFiles 1
Building C object CMakeFiles/cmTryCompileExec3491723900.dir/CheckSymbolExists.c.o
/usr/bin/cc    -o CMakeFiles/cmTryCompileExec3491723900.dir/CheckSymbolExists.c.o   -c /usr/src/mjpg-streamer/mjpg-streamer-experimental/_build/CMakeFiles/CMakeTmp/CheckSymbolExists.c
Linking C executable cmTryCompileExec3491723900
/usr/bin/cmake -E cmake_link_script CMakeFiles/cmTryCompileExec3491723900.dir/link.txt --verbose=1
/usr/bin/cc       CMakeFiles/cmTryCompileExec3491723900.dir/CheckSymbolExists.c.o  -o cmTryCompileExec3491723900 -rdynamic 
CMakeFiles/cmTryCompileExec3491723900.dir/CheckSymbolExists.c.o: In function `main':
CheckSymbolExists.c:(.text+0x38): undefined reference to `pthread_create'
collect2: error: ld returned 1 exit status
CMakeFiles/cmTryCompileExec3491723900.dir/build.make:88: recipe for target 'cmTryCompileExec3491723900' failed
make[2]: *** [cmTryCompileExec3491723900] Error 1
make[2]: Leaving directory '/usr/src/mjpg-streamer/mjpg-streamer-experimental/_build/CMakeFiles/CMakeTmp'
Makefile:118: recipe for target 'cmTryCompileExec3491723900/fast' failed
make[1]: *** [cmTryCompileExec3491723900/fast] Error 2
make[1]: Leaving directory '/usr/src/mjpg-streamer/mjpg-streamer-experimental/_build/CMakeFiles/CMakeTmp'

File /usr/src/mjpg-streamer/mjpg-streamer-experimental/_build/CMakeFiles/CMakeTmp/CheckSymbolExists.c:
/* */
#include <pthread.h>

int main(int argc, char** argv)
{
  (void)argv;
#ifndef pthread_create
  return ((int*)(&pthread_create))[argc];
#else
  (void)argc;
  return 0;
#endif
}

Determining if the function pthread_create exists in the pthreads failed with the following output:
Change Dir: /usr/src/mjpg-streamer/mjpg-streamer-experimental/_build/CMakeFiles/CMakeTmp

Run Build Command:"/usr/bin/make" "cmTryCompileExec4275462233/fast"
make[1]: Entering directory '/usr/src/mjpg-streamer/mjpg-streamer-experimental/_build/CMakeFiles/CMakeTmp'
/usr/bin/make -f CMakeFiles/cmTryCompileExec4275462233.dir/build.make CMakeFiles/cmTryCompileExec4275462233.dir/build
make[2]: Entering directory '/usr/src/mjpg-streamer/mjpg-streamer-experimental/_build/CMakeFiles/CMakeTmp'
/usr/bin/cmake -E cmake_progress_report /usr/src/mjpg-streamer/mjpg-streamer-experimental/_build/CMakeFiles/CMakeTmp/CMakeFiles 1
Building C object CMakeFiles/cmTryCompileExec4275462233.dir/CheckFunctionExists.c.o
/usr/bin/cc   -DCHECK_FUNCTION_EXISTS=pthread_create   -o CMakeFiles/cmTryCompileExec4275462233.dir/CheckFunctionExists.c.o   -c /usr/share/cmake-3.0/Modules/CheckFunctionExists.c
Linking C executable cmTryCompileExec4275462233
/usr/bin/cmake -E cmake_link_script CMakeFiles/cmTryCompileExec4275462233.dir/link.txt --verbose=1
/usr/bin/cc   -DCHECK_FUNCTION_EXISTS=pthread_create    CMakeFiles/cmTryCompileExec4275462233.dir/CheckFunctionExists.c.o  -o cmTryCompileExec4275462233 -rdynamic -lpthreads 
/usr/bin/ld: cannot find -lpthreads
collect2: error: ld returned 1 exit status
CMakeFiles/cmTryCompileExec4275462233.dir/build.make:88: recipe for target 'cmTryCompileExec4275462233' failed
make[2]: Leaving directory '/usr/src/mjpg-streamer/mjpg-streamer-experimental/_build/CMakeFiles/CMakeTmp'
make[2]: *** [cmTryCompileExec4275462233] Error 1
Makefile:118: recipe for target 'cmTryCompileExec4275462233/fast' failed
make[1]: Leaving directory '/usr/src/mjpg-streamer/mjpg-streamer-experimental/_build/CMakeFiles/CMakeTmp'
make[1]: *** [cmTryCompileExec4275462233/fast] Error 2


